<?xml version="1.0" encoding="UTF-8"?>
<!-- Generated by org.testng.reporters.JUnitReportReporter -->
<testsuite hostname="Biju" failures="0" tests="1" name="Allaince.Propertylines.Selenium" time="0.015" errors="0" timestamp="2021-08-02T16:41:12 CEST" skipped="0">
  <testcase classname="Allaince.Propertylines.Selenium" name="myFirstTest" time="0.015"/>
  <system-out/>
</testsuite> <!-- Allaince.Propertylines.Selenium -->
