<?xml version="1.0" encoding="UTF-8"?>
<!-- Generated by org.testng.reporters.JUnitReportReporter -->
<testsuite hostname="Biju" failures="0" tests="1" name="Allaince.Propertylines.SeleniumTest" time="0.016" errors="0" timestamp="2021-08-02T17:15:54 CEST" skipped="0">
  <testcase classname="Allaince.Propertylines.SeleniumTest" name="myFirstTest" time="0.016"/>
  <system-out/>
</testsuite> <!-- Allaince.Propertylines.SeleniumTest -->
