<?xml version="1.0" encoding="UTF-8"?>
<!-- Generated by org.testng.reporters.JUnitReportReporter -->
<testsuite skipped="0" hostname="Biju" name="Allaince.Propertylines.SeleniumNegativeTest" tests="1" failures="0" timestamp="2021-08-02T22:32:19 CEST" time="0.008" errors="0">
  <testcase name="Next" time="0.008" classname="Allaince.Propertylines.SeleniumNegativeTest"/>
  <system-out/>
</testsuite> <!-- Allaince.Propertylines.SeleniumNegativeTest -->
