<?xml version="1.0" encoding="UTF-8"?>
<!-- Generated by org.testng.reporters.JUnitReportReporter -->
<testsuite skipped="0" hostname="Biju" name="Allaince.Propertylines.SeleniumTest" tests="1" failures="0" timestamp="2021-08-02T22:32:19 CEST" time="0.001" errors="0">
  <testcase name="myFirstTest" time="0.001" classname="Allaince.Propertylines.SeleniumTest"/>
  <system-out/>
</testsuite> <!-- Allaince.Propertylines.SeleniumTest -->
